

Started GET "/entries" for ::1 at 2016-09-27 16:08:30 -0700

ActionController::RoutingError (No route matches [GET] "/entries"):
  actionpack (4.2.6) lib/action_dispatch/middleware/debug_exceptions.rb:21:in `call'
  web-console (2.3.0) lib/web_console/middleware.rb:28:in `block in call'
  web-console (2.3.0) lib/web_console/middleware.rb:18:in `catch'
  web-console (2.3.0) lib/web_console/middleware.rb:18:in `call'
  actionpack (4.2.6) lib/action_dispatch/middleware/show_exceptions.rb:30:in `call'
  railties (4.2.6) lib/rails/rack/logger.rb:38:in `call_app'
  railties (4.2.6) lib/rails/rack/logger.rb:20:in `block in call'
  activesupport (4.2.6) lib/active_support/tagged_logging.rb:68:in `block in tagged'
  activesupport (4.2.6) lib/active_support/tagged_logging.rb:26:in `tagged'
  activesupport (4.2.6) lib/active_support/tagged_logging.rb:68:in `tagged'
  railties (4.2.6) lib/rails/rack/logger.rb:20:in `call'
  actionpack (4.2.6) lib/action_dispatch/middleware/request_id.rb:21:in `call'
  rack (1.6.4) lib/rack/methodoverride.rb:22:in `call'
  rack (1.6.4) lib/rack/runtime.rb:18:in `call'
  activesupport (4.2.6) lib/active_support/cache/strategy/local_cache_middleware.rb:28:in `call'
  rack (1.6.4) lib/rack/lock.rb:17:in `call'
  actionpack (4.2.6) lib/action_dispatch/middleware/static.rb:120:in `call'
  rack (1.6.4) lib/rack/sendfile.rb:113:in `call'
  railties (4.2.6) lib/rails/engine.rb:518:in `call'
  railties (4.2.6) lib/rails/application.rb:165:in `call'
  rack (1.6.4) lib/rack/lock.rb:17:in `call'
  rack (1.6.4) lib/rack/content_length.rb:15:in `call'
  rack (1.6.4) lib/rack/handler/webrick.rb:88:in `service'
  /Users/nahmisa/.rvm/rubies/ruby-2.3.0/lib/ruby/2.3.0/webrick/httpserver.rb:140:in `service'
  /Users/nahmisa/.rvm/rubies/ruby-2.3.0/lib/ruby/2.3.0/webrick/httpserver.rb:96:in `run'
  /Users/nahmisa/.rvm/rubies/ruby-2.3.0/lib/ruby/2.3.0/webrick/server.rb:296:in `block in start_thread'


  Rendered /Users/nahmisa/.rvm/gems/ruby-2.3.0@TaskListRails/gems/actionpack-4.2.6/lib/action_dispatch/middleware/templates/rescues/_trace.html.erb (2.3ms)
  Rendered /Users/nahmisa/.rvm/gems/ruby-2.3.0@TaskListRails/gems/actionpack-4.2.6/lib/action_dispatch/middleware/templates/routes/_route.html.erb (1.6ms)
  Rendered /Users/nahmisa/.rvm/gems/ruby-2.3.0@TaskListRails/gems/actionpack-4.2.6/lib/action_dispatch/middleware/templates/routes/_table.html.erb (66.7ms)
  Rendered /Users/nahmisa/.rvm/gems/ruby-2.3.0@TaskListRails/gems/actionpack-4.2.6/lib/action_dispatch/middleware/templates/rescues/_request_and_response.html.erb (232.7ms)
  Rendered /Users/nahmisa/.rvm/gems/ruby-2.3.0@TaskListRails/gems/actionpack-4.2.6/lib/action_dispatch/middleware/templates/rescues/routing_error.html.erb within rescues/layout (469.9ms)
  Rendered /Users/nahmisa/.rvm/gems/ruby-2.3.0@TaskListRails/gems/web-console-2.3.0/lib/web_console/templates/_markup.html.erb (0.4ms)
  Rendered /Users/nahmisa/.rvm/gems/ruby-2.3.0@TaskListRails/gems/web-console-2.3.0/lib/web_console/templates/_inner_console_markup.html.erb within layouts/inlined_string (0.3ms)
  Rendered /Users/nahmisa/.rvm/gems/ruby-2.3.0@TaskListRails/gems/web-console-2.3.0/lib/web_console/templates/_prompt_box_markup.html.erb within layouts/inlined_string (0.4ms)
  Rendered /Users/nahmisa/.rvm/gems/ruby-2.3.0@TaskListRails/gems/web-console-2.3.0/lib/web_console/templates/style.css.erb within layouts/inlined_string (0.5ms)
  Rendered /Users/nahmisa/.rvm/gems/ruby-2.3.0@TaskListRails/gems/web-console-2.3.0/lib/web_console/templates/console.js.erb within layouts/javascript (167.0ms)
  Rendered /Users/nahmisa/.rvm/gems/ruby-2.3.0@TaskListRails/gems/web-console-2.3.0/lib/web_console/templates/main.js.erb within layouts/javascript (0.3ms)
  Rendered /Users/nahmisa/.rvm/gems/ruby-2.3.0@TaskListRails/gems/web-console-2.3.0/lib/web_console/templates/error_page.js.erb within layouts/javascript (0.4ms)
  Rendered /Users/nahmisa/.rvm/gems/ruby-2.3.0@TaskListRails/gems/web-console-2.3.0/lib/web_console/templates/index.html.erb (274.9ms)


Started GET "/" for ::1 at 2016-09-27 16:08:35 -0700
Processing by TasksController#index as HTML
  Rendered tasks/index.html.erb within layouts/application (0.5ms)
Completed 200 OK in 2370ms (Views: 2369.7ms | ActiveRecord: 0.0ms)


Started GET "/assets/tasks.self-e3b0c44298fc1c149afbf4c8996fb92427ae41e4649b934ca495991b7852b855.css?body=1" for ::1 at 2016-09-27 16:08:38 -0700


Started GET "/assets/tasks.self-877aef30ae1b040ab8a3aba4e3e309a11d7f2612f44dde450b5c157aa5f95c05.js?body=1" for ::1 at 2016-09-27 16:08:38 -0700


Started GET "/1" for ::1 at 2016-09-27 16:08:43 -0700

ActionController::RoutingError (No route matches [GET] "/1"):
  actionpack (4.2.6) lib/action_dispatch/middleware/debug_exceptions.rb:21:in `call'
  web-console (2.3.0) lib/web_console/middleware.rb:28:in `block in call'
  web-console (2.3.0) lib/web_console/middleware.rb:18:in `catch'
  web-console (2.3.0) lib/web_console/middleware.rb:18:in `call'
  actionpack (4.2.6) lib/action_dispatch/middleware/show_exceptions.rb:30:in `call'
  railties (4.2.6) lib/rails/rack/logger.rb:38:in `call_app'
  railties (4.2.6) lib/rails/rack/logger.rb:20:in `block in call'
  activesupport (4.2.6) lib/active_support/tagged_logging.rb:68:in `block in tagged'
  activesupport (4.2.6) lib/active_support/tagged_logging.rb:26:in `tagged'
  activesupport (4.2.6) lib/active_support/tagged_logging.rb:68:in `tagged'
  railties (4.2.6) lib/rails/rack/logger.rb:20:in `call'
  actionpack (4.2.6) lib/action_dispatch/middleware/request_id.rb:21:in `call'
  rack (1.6.4) lib/rack/methodoverride.rb:22:in `call'
  rack (1.6.4) lib/rack/runtime.rb:18:in `call'
  activesupport (4.2.6) lib/active_support/cache/strategy/local_cache_middleware.rb:28:in `call'
  rack (1.6.4) lib/rack/lock.rb:17:in `call'
  actionpack (4.2.6) lib/action_dispatch/middleware/static.rb:120:in `call'
  rack (1.6.4) lib/rack/sendfile.rb:113:in `call'
  railties (4.2.6) lib/rails/engine.rb:518:in `call'
  railties (4.2.6) lib/rails/application.rb:165:in `call'
  rack (1.6.4) lib/rack/lock.rb:17:in `call'
  rack (1.6.4) lib/rack/content_length.rb:15:in `call'
  rack (1.6.4) lib/rack/handler/webrick.rb:88:in `service'
  /Users/nahmisa/.rvm/rubies/ruby-2.3.0/lib/ruby/2.3.0/webrick/httpserver.rb:140:in `service'
  /Users/nahmisa/.rvm/rubies/ruby-2.3.0/lib/ruby/2.3.0/webrick/httpserver.rb:96:in `run'
  /Users/nahmisa/.rvm/rubies/ruby-2.3.0/lib/ruby/2.3.0/webrick/server.rb:296:in `block in start_thread'


  Rendered /Users/nahmisa/.rvm/gems/ruby-2.3.0@TaskListRails/gems/actionpack-4.2.6/lib/action_dispatch/middleware/templates/rescues/_trace.html.erb (2.7ms)
  Rendered /Users/nahmisa/.rvm/gems/ruby-2.3.0@TaskListRails/gems/actionpack-4.2.6/lib/action_dispatch/middleware/templates/routes/_route.html.erb (1.7ms)
  Rendered /Users/nahmisa/.rvm/gems/ruby-2.3.0@TaskListRails/gems/actionpack-4.2.6/lib/action_dispatch/middleware/templates/routes/_table.html.erb (1.1ms)
  Rendered /Users/nahmisa/.rvm/gems/ruby-2.3.0@TaskListRails/gems/actionpack-4.2.6/lib/action_dispatch/middleware/templates/rescues/_request_and_response.html.erb (2.1ms)
  Rendered /Users/nahmisa/.rvm/gems/ruby-2.3.0@TaskListRails/gems/actionpack-4.2.6/lib/action_dispatch/middleware/templates/rescues/routing_error.html.erb within rescues/layout (96.2ms)
  Rendered /Users/nahmisa/.rvm/gems/ruby-2.3.0@TaskListRails/gems/web-console-2.3.0/lib/web_console/templates/_markup.html.erb (0.4ms)
  Rendered /Users/nahmisa/.rvm/gems/ruby-2.3.0@TaskListRails/gems/web-console-2.3.0/lib/web_console/templates/_inner_console_markup.html.erb within layouts/inlined_string (0.2ms)
  Rendered /Users/nahmisa/.rvm/gems/ruby-2.3.0@TaskListRails/gems/web-console-2.3.0/lib/web_console/templates/_prompt_box_markup.html.erb within layouts/inlined_string (0.5ms)
  Rendered /Users/nahmisa/.rvm/gems/ruby-2.3.0@TaskListRails/gems/web-console-2.3.0/lib/web_console/templates/style.css.erb within layouts/inlined_string (0.4ms)
  Rendered /Users/nahmisa/.rvm/gems/ruby-2.3.0@TaskListRails/gems/web-console-2.3.0/lib/web_console/templates/console.js.erb within layouts/javascript (68.7ms)
  Rendered /Users/nahmisa/.rvm/gems/ruby-2.3.0@TaskListRails/gems/web-console-2.3.0/lib/web_console/templates/main.js.erb within layouts/javascript (0.6ms)
  Rendered /Users/nahmisa/.rvm/gems/ruby-2.3.0@TaskListRails/gems/web-console-2.3.0/lib/web_console/templates/error_page.js.erb within layouts/javascript (0.4ms)
  Rendered /Users/nahmisa/.rvm/gems/ruby-2.3.0@TaskListRails/gems/web-console-2.3.0/lib/web_console/templates/index.html.erb (146.0ms)


Started GET "/tasks" for ::1 at 2016-09-27 16:08:49 -0700
Processing by TasksController#index as HTML
  Rendered tasks/index.html.erb within layouts/application (0.1ms)
Completed 200 OK in 70ms (Views: 68.9ms | ActiveRecord: 0.0ms)


Started GET "/tasks/1" for ::1 at 2016-09-27 16:08:51 -0700
Processing by TasksController#show as HTML
  Parameters: {"id"=>"1"}
  Rendered tasks/show.html.erb within layouts/application (0.5ms)
Completed 200 OK in 73ms (Views: 72.8ms | ActiveRecord: 0.0ms)
